[2017-04-17 16:50:12] local.ERROR: exception 'PDOException' with message 'SQLSTATE[HY000] [2002] No connection could be made because the target machine actively refused it.
' in C:\Users\Francis\Roaming\Capstone\vendor\laravel\framework\src\Illuminate\Database\Connectors\Connector.php:47
Stack trace:
#0 C:\Users\Francis\Roaming\Capstone\vendor\laravel\framework\src\Illuminate\Database\Connectors\Connector.php(47): PDO->__construct('mysql:host=loca...', 'root', '', Array)
#1 C:\Users\Francis\Roaming\Capstone\vendor\laravel\framework\src\Illuminate\Database\Connectors\MySqlConnector.php(20): Illuminate\Database\Connectors\Connector->createConnection('mysql:host=loca...', Array, Array)
#2 C:\Users\Francis\Roaming\Capstone\vendor\compiled.php(10673): Illuminate\Database\Connectors\MySqlConnector->connect(Array)
#3 C:\Users\Francis\Roaming\Capstone\vendor\compiled.php(10669): Illuminate\Database\Connectors\ConnectionFactory->createSingleConnection(Array)
#4 C:\Users\Francis\Roaming\Capstone\vendor\compiled.php(10587): Illuminate\Database\Connectors\ConnectionFactory->make(Array, 'mysql')
#5 C:\Users\Francis\Roaming\Capstone\vendor\compiled.php(10542): Illuminate\Database\DatabaseManager->makeConnection('mysql')
#6 C:\Users\Francis\Roaming\Capstone\vendor\compiled.php(10636): Illuminate\Database\DatabaseManager->connection()
#7 C:\Users\Francis\Roaming\Capstone\vendor\compiled.php(5301): Illuminate\Database\DatabaseManager->__call('table', Array)
#8 C:\Users\Francis\Roaming\Capstone\vendor\compiled.php(5301): Illuminate\Database\DatabaseManager->table('event_folders')
#9 C:\Users\Francis\Roaming\Capstone\app\Http\Controllers\EventController.php(19): Illuminate\Support\Facades\Facade::__callStatic('table', Array)
#10 C:\Users\Francis\Roaming\Capstone\app\Http\Controllers\EventController.php(19): Illuminate\Support\Facades\DB::table('event_folders')
#11 [internal function]: App\Http\Controllers\EventController->index()
#12 C:\Users\Francis\Roaming\Capstone\vendor\compiled.php(8287): call_user_func_array(Array, Array)
#13 C:\Users\Francis\Roaming\Capstone\vendor\compiled.php(8354): Illuminate\Routing\Controller->callAction('index', Array)
#14 C:\Users\Francis\Roaming\Capstone\vendor\compiled.php(8333): Illuminate\Routing\ControllerDispatcher->call(Object(App\Http\Controllers\EventController), Object(Illuminate\Routing\Route), 'index')
#15 [internal function]: Illuminate\Routing\ControllerDispatcher->Illuminate\Routing\{closure}(Object(Illuminate\Http\Request))
#16 C:\Users\Francis\Roaming\Capstone\vendor\compiled.php(8952): call_user_func(Object(Closure), Object(Illuminate\Http\Request))
#17 [internal function]: Illuminate\Pipeline\Pipeline->Illuminate\Pipeline\{closure}(Object(Illuminate\Http\Request))
#18 C:\Users\Francis\Roaming\Capstone\vendor\compiled.php(8935): call_user_func(Object(Closure), Object(Illuminate\Http\Request))
#19 C:\Users\Francis\Roaming\Capstone\vendor\compiled.php(8334): Illuminate\Pipeline\Pipeline->then(Object(Closure))
#20 C:\Users\Francis\Roaming\Capstone\vendor\compiled.php(8320): Illuminate\Routing\ControllerDispatcher->callWithinStack(Object(App\Http\Controllers\EventController), Object(Illuminate\Routing\Route), Object(Illuminate\Http\Request), 'index')
#21 C:\Users\Francis\Roaming\Capstone\vendor\compiled.php(7317): Illuminate\Routing\ControllerDispatcher->dispatch(Object(Illuminate\Routing\Route), Object(Illuminate\Http\Request), 'App\\Http\\Contro...', 'index')
#22 C:\Users\Francis\Roaming\Capstone\vendor\compiled.php(7288): Illuminate\Routing\Route->runWithCustomDispatcher(Object(Illuminate\Http\Request))
#23 C:\Users\Francis\Roaming\Capstone\vendor\compiled.php(6954): Illuminate\Routing\Route->run(Object(Illuminate\Http\Request))
#24 [internal function]: Illuminate\Routing\Router->Illuminate\Routing\{closure}(Object(Illuminate\Http\Request))
#25 C:\Users\Francis\Roaming\Capstone\vendor\compiled.php(8952): call_user_func(Object(Closure), Object(Illuminate\Http\Request))
#26 [internal function]: Illuminate\Pipeline\Pipeline->Illuminate\Pipeline\{closure}(Object(Illuminate\Http\Request))
#27 C:\Users\Francis\Roaming\Capstone\vendor\compiled.php(8935): call_user_func(Object(Closure), Object(Illuminate\Http\Request))
#28 C:\Users\Francis\Roaming\Capstone\vendor\compiled.php(6955): Illuminate\Pipeline\Pipeline->then(Object(Closure))
#29 C:\Users\Francis\Roaming\Capstone\vendor\compiled.php(6944): Illuminate\Routing\Router->runRouteWithinStack(Object(Illuminate\Routing\Route), Object(Illuminate\Http\Request))
#30 C:\Users\Francis\Roaming\Capstone\vendor\compiled.php(6929): Illuminate\Routing\Router->dispatchToRoute(Object(Illuminate\Http\Request))
#31 C:\Users\Francis\Roaming\Capstone\vendor\compiled.php(1935): Illuminate\Routing\Router->dispatch(Object(Illuminate\Http\Request))
#32 [internal function]: Illuminate\Foundation\Http\Kernel->Illuminate\Foundation\Http\{closure}(Object(Illuminate\Http\Request))
#33 C:\Users\Francis\Roaming\Capstone\vendor\compiled.php(8952): call_user_func(Object(Closure), Object(Illuminate\Http\Request))
#34 C:\Users\Francis\Roaming\Capstone\vendor\compiled.php(2438): Illuminate\Pipeline\Pipeline->Illuminate\Pipeline\{closure}(Object(Illuminate\Http\Request))
#35 C:\Users\Francis\Roaming\Capstone\app\Http\Middleware\VerifyCsrfToken.php(17): Illuminate\Foundation\Http\Middleware\VerifyCsrfToken->handle(Object(Illuminate\Http\Request), Object(Closure))
#36 C:\Users\Francis\Roaming\Capstone\vendor\compiled.php(8944): App\Http\Middleware\VerifyCsrfToken->handle(Object(Illuminate\Http\Request), Object(Closure))
#37 C:\Users\Francis\Roaming\Capstone\vendor\compiled.php(12083): Illuminate\Pipeline\Pipeline->Illuminate\Pipeline\{closure}(Object(Illuminate\Http\Request))
#38 C:\Users\Francis\Roaming\Capstone\vendor\compiled.php(8944): Illuminate\View\Middleware\ShareErrorsFromSession->handle(Object(Illuminate\Http\Request), Object(Closure))
#39 C:\Users\Francis\Roaming\Capstone\vendor\compiled.php(10785): Illuminate\Pipeline\Pipeline->Illuminate\Pipeline\{closure}(Object(Illuminate\Http\Request))
#40 C:\Users\Francis\Roaming\Capstone\vendor\compiled.php(8944): Illuminate\Session\Middleware\StartSession->handle(Object(Illuminate\Http\Request), Object(Closure))
#41 C:\Users\Francis\Roaming\Capstone\vendor\compiled.php(11789): Illuminate\Pipeline\Pipeline->Illuminate\Pipeline\{closure}(Object(Illuminate\Http\Request))
#42 C:\Users\Francis\Roaming\Capstone\vendor\compiled.php(8944): Illuminate\Cookie\Middleware\AddQueuedCookiesToResponse->handle(Object(Illuminate\Http\Request), Object(Closure))
#43 C:\Users\Francis\Roaming\Capstone\vendor\compiled.php(11738): Illuminate\Pipeline\Pipeline->Illuminate\Pipeline\{closure}(Object(Illuminate\Http\Request))
#44 C:\Users\Francis\Roaming\Capstone\vendor\compiled.php(8944): Illuminate\Cookie\Middleware\EncryptCookies->handle(Object(Illuminate\Http\Request), Object(Closure))
#45 C:\Users\Francis\Roaming\Capstone\vendor\compiled.php(2478): Illuminate\Pipeline\Pipeline->Illuminate\Pipeline\{closure}(Object(Illuminate\Http\Request))
#46 C:\Users\Francis\Roaming\Capstone\vendor\compiled.php(8944): Illuminate\Foundation\Http\Middleware\CheckForMaintenanceMode->handle(Object(Illuminate\Http\Request), Object(Closure))
#47 [internal function]: Illuminate\Pipeline\Pipeline->Illuminate\Pipeline\{closure}(Object(Illuminate\Http\Request))
#48 C:\Users\Francis\Roaming\Capstone\vendor\compiled.php(8935): call_user_func(Object(Closure), Object(Illuminate\Http\Request))
#49 C:\Users\Francis\Roaming\Capstone\vendor\compiled.php(1891): Illuminate\Pipeline\Pipeline->then(Object(Closure))
#50 C:\Users\Francis\Roaming\Capstone\vendor\compiled.php(1880): Illuminate\Foundation\Http\Kernel->sendRequestThroughRouter(Object(Illuminate\Http\Request))
#51 C:\Users\Francis\Roaming\Capstone\public\index.php(53): Illuminate\Foundation\Http\Kernel->handle(Object(Illuminate\Http\Request))
#52 {main}  
[2017-04-17 16:52:48] local.ERROR: exception 'Symfony\Component\Debug\Exception\FatalErrorException' with message 'syntax error, unexpected '@'' in C:\Users\Francis\Roaming\Capstone\storage\framework\views\39f3d143ae031d8f49495e09eb3ff154:41
Stack trace:
#0 {main}  
[2017-04-17 16:55:39] local.ERROR: exception 'InvalidArgumentException' with message 'View [master] not found.' in C:\Users\Francis\Roaming\Capstone\vendor\compiled.php:12898
Stack trace:
#0 C:\Users\Francis\Roaming\Capstone\vendor\compiled.php(12871): Illuminate\View\FileViewFinder->findInPaths('master', Array)
#1 C:\Users\Francis\Roaming\Capstone\vendor\compiled.php(12996): Illuminate\View\FileViewFinder->find('master')
#2 C:\Users\Francis\Roaming\Capstone\storage\framework\views\b8ab72bb56d74491c9c24290a867e1ab(55): Illuminate\View\Factory->make('master', Array)
#3 C:\Users\Francis\Roaming\Capstone\vendor\compiled.php(13650): include('C:\\Users\\Franci...')
#4 C:\Users\Francis\Roaming\Capstone\vendor\compiled.php(13683): Illuminate\View\Engines\PhpEngine->evaluatePath('C:\\Users\\Franci...', Array)
#5 C:\Users\Francis\Roaming\Capstone\vendor\compiled.php(13523): Illuminate\View\Engines\CompilerEngine->get('C:\\Users\\Franci...', Array)
#6 C:\Users\Francis\Roaming\Capstone\vendor\compiled.php(13510): Illuminate\View\View->getContents()
#7 C:\Users\Francis\Roaming\Capstone\vendor\compiled.php(13501): Illuminate\View\View->renderContents()
#8 C:\Users\Francis\Roaming\Capstone\vendor\compiled.php(14597): Illuminate\View\View->render()
#9 C:\Users\Francis\Roaming\Capstone\vendor\compiled.php(14126): Illuminate\Http\Response->setContent(Object(Illuminate\View\View))
#10 C:\Users\Francis\Roaming\Capstone\vendor\compiled.php(7154): Symfony\Component\HttpFoundation\Response->__construct(Object(Illuminate\View\View))
#11 C:\Users\Francis\Roaming\Capstone\vendor\compiled.php(6954): Illuminate\Routing\Router->prepareResponse(Object(Illuminate\Http\Request), Object(Illuminate\View\View))
#12 [internal function]: Illuminate\Routing\Router->Illuminate\Routing\{closure}(Object(Illuminate\Http\Request))
#13 C:\Users\Francis\Roaming\Capstone\vendor\compiled.php(8952): call_user_func(Object(Closure), Object(Illuminate\Http\Request))
#14 [internal function]: Illuminate\Pipeline\Pipeline->Illuminate\Pipeline\{closure}(Object(Illuminate\Http\Request))
#15 C:\Users\Francis\Roaming\Capstone\vendor\compiled.php(8935): call_user_func(Object(Closure), Object(Illuminate\Http\Request))
#16 C:\Users\Francis\Roaming\Capstone\vendor\compiled.php(6955): Illuminate\Pipeline\Pipeline->then(Object(Closure))
#17 C:\Users\Francis\Roaming\Capstone\vendor\compiled.php(6944): Illuminate\Routing\Router->runRouteWithinStack(Object(Illuminate\Routing\Route), Object(Illuminate\Http\Request))
#18 C:\Users\Francis\Roaming\Capstone\vendor\compiled.php(6929): Illuminate\Routing\Router->dispatchToRoute(Object(Illuminate\Http\Request))
#19 C:\Users\Francis\Roaming\Capstone\vendor\compiled.php(1935): Illuminate\Routing\Router->dispatch(Object(Illuminate\Http\Request))
#20 [internal function]: Illuminate\Foundation\Http\Kernel->Illuminate\Foundation\Http\{closure}(Object(Illuminate\Http\Request))
#21 C:\Users\Francis\Roaming\Capstone\vendor\compiled.php(8952): call_user_func(Object(Closure), Object(Illuminate\Http\Request))
#22 C:\Users\Francis\Roaming\Capstone\vendor\compiled.php(2438): Illuminate\Pipeline\Pipeline->Illuminate\Pipeline\{closure}(Object(Illuminate\Http\Request))
#23 C:\Users\Francis\Roaming\Capstone\app\Http\Middleware\VerifyCsrfToken.php(17): Illuminate\Foundation\Http\Middleware\VerifyCsrfToken->handle(Object(Illuminate\Http\Request), Object(Closure))
#24 C:\Users\Francis\Roaming\Capstone\vendor\compiled.php(8944): App\Http\Middleware\VerifyCsrfToken->handle(Object(Illuminate\Http\Request), Object(Closure))
#25 C:\Users\Francis\Roaming\Capstone\vendor\compiled.php(12083): Illuminate\Pipeline\Pipeline->Illuminate\Pipeline\{closure}(Object(Illuminate\Http\Request))
#26 C:\Users\Francis\Roaming\Capstone\vendor\compiled.php(8944): Illuminate\View\Middleware\ShareErrorsFromSession->handle(Object(Illuminate\Http\Request), Object(Closure))
#27 C:\Users\Francis\Roaming\Capstone\vendor\compiled.php(10785): Illuminate\Pipeline\Pipeline->Illuminate\Pipeline\{closure}(Object(Illuminate\Http\Request))
#28 C:\Users\Francis\Roaming\Capstone\vendor\compiled.php(8944): Illuminate\Session\Middleware\StartSession->handle(Object(Illuminate\Http\Request), Object(Closure))
#29 C:\Users\Francis\Roaming\Capstone\vendor\compiled.php(11789): Illuminate\Pipeline\Pipeline->Illuminate\Pipeline\{closure}(Object(Illuminate\Http\Request))
#30 C:\Users\Francis\Roaming\Capstone\vendor\compiled.php(8944): Illuminate\Cookie\Middleware\AddQueuedCookiesToResponse->handle(Object(Illuminate\Http\Request), Object(Closure))
#31 C:\Users\Francis\Roaming\Capstone\vendor\compiled.php(11738): Illuminate\Pipeline\Pipeline->Illuminate\Pipeline\{closure}(Object(Illuminate\Http\Request))
#32 C:\Users\Francis\Roaming\Capstone\vendor\compiled.php(8944): Illuminate\Cookie\Middleware\EncryptCookies->handle(Object(Illuminate\Http\Request), Object(Closure))
#33 C:\Users\Francis\Roaming\Capstone\vendor\compiled.php(2478): Illuminate\Pipeline\Pipeline->Illuminate\Pipeline\{closure}(Object(Illuminate\Http\Request))
#34 C:\Users\Francis\Roaming\Capstone\vendor\compiled.php(8944): Illuminate\Foundation\Http\Middleware\CheckForMaintenanceMode->handle(Object(Illuminate\Http\Request), Object(Closure))
#35 [internal function]: Illuminate\Pipeline\Pipeline->Illuminate\Pipeline\{closure}(Object(Illuminate\Http\Request))
#36 C:\Users\Francis\Roaming\Capstone\vendor\compiled.php(8935): call_user_func(Object(Closure), Object(Illuminate\Http\Request))
#37 C:\Users\Francis\Roaming\Capstone\vendor\compiled.php(1891): Illuminate\Pipeline\Pipeline->then(Object(Closure))
#38 C:\Users\Francis\Roaming\Capstone\vendor\compiled.php(1880): Illuminate\Foundation\Http\Kernel->sendRequestThroughRouter(Object(Illuminate\Http\Request))
#39 C:\Users\Francis\Roaming\Capstone\public\index.php(53): Illuminate\Foundation\Http\Kernel->handle(Object(Illuminate\Http\Request))
#40 {main}

Next exception 'ErrorException' with message 'View [master] not found. (View: C:\Users\Francis\Roaming\Capstone\resources\views\auth\login.blade.php)' in C:\Users\Francis\Roaming\Capstone\vendor\compiled.php:12898
Stack trace:
#0 C:\Users\Francis\Roaming\Capstone\vendor\compiled.php(13652): Illuminate\View\Engines\CompilerEngine->handleViewException(Object(InvalidArgumentException), 1)
#1 C:\Users\Francis\Roaming\Capstone\vendor\compiled.php(13683): Illuminate\View\Engines\PhpEngine->evaluatePath('C:\\Users\\Franci...', Array)
#2 C:\Users\Francis\Roaming\Capstone\vendor\compiled.php(13523): Illuminate\View\Engines\CompilerEngine->get('C:\\Users\\Franci...', Array)
#3 C:\Users\Francis\Roaming\Capstone\vendor\compiled.php(13510): Illuminate\View\View->getContents()
#4 C:\Users\Francis\Roaming\Capstone\vendor\compiled.php(13501): Illuminate\View\View->renderContents()
#5 C:\Users\Francis\Roaming\Capstone\vendor\compiled.php(14597): Illuminate\View\View->render()
#6 C:\Users\Francis\Roaming\Capstone\vendor\compiled.php(14126): Illuminate\Http\Response->setContent(Object(Illuminate\View\View))
#7 C:\Users\Francis\Roaming\Capstone\vendor\compiled.php(7154): Symfony\Component\HttpFoundation\Response->__construct(Object(Illuminate\View\View))
#8 C:\Users\Francis\Roaming\Capstone\vendor\compiled.php(6954): Illuminate\Routing\Router->prepareResponse(Object(Illuminate\Http\Request), Object(Illuminate\View\View))
#9 [internal function]: Illuminate\Routing\Router->Illuminate\Routing\{closure}(Object(Illuminate\Http\Request))
#10 C:\Users\Francis\Roaming\Capstone\vendor\compiled.php(8952): call_user_func(Object(Closure), Object(Illuminate\Http\Request))
#11 [internal function]: Illuminate\Pipeline\Pipeline->Illuminate\Pipeline\{closure}(Object(Illuminate\Http\Request))
#12 C:\Users\Francis\Roaming\Capstone\vendor\compiled.php(8935): call_user_func(Object(Closure), Object(Illuminate\Http\Request))
#13 C:\Users\Francis\Roaming\Capstone\vendor\compiled.php(6955): Illuminate\Pipeline\Pipeline->then(Object(Closure))
#14 C:\Users\Francis\Roaming\Capstone\vendor\compiled.php(6944): Illuminate\Routing\Router->runRouteWithinStack(Object(Illuminate\Routing\Route), Object(Illuminate\Http\Request))
#15 C:\Users\Francis\Roaming\Capstone\vendor\compiled.php(6929): Illuminate\Routing\Router->dispatchToRoute(Object(Illuminate\Http\Request))
#16 C:\Users\Francis\Roaming\Capstone\vendor\compiled.php(1935): Illuminate\Routing\Router->dispatch(Object(Illuminate\Http\Request))
#17 [internal function]: Illuminate\Foundation\Http\Kernel->Illuminate\Foundation\Http\{closure}(Object(Illuminate\Http\Request))
#18 C:\Users\Francis\Roaming\Capstone\vendor\compiled.php(8952): call_user_func(Object(Closure), Object(Illuminate\Http\Request))
#19 C:\Users\Francis\Roaming\Capstone\vendor\compiled.php(2438): Illuminate\Pipeline\Pipeline->Illuminate\Pipeline\{closure}(Object(Illuminate\Http\Request))
#20 C:\Users\Francis\Roaming\Capstone\app\Http\Middleware\VerifyCsrfToken.php(17): Illuminate\Foundation\Http\Middleware\VerifyCsrfToken->handle(Object(Illuminate\Http\Request), Object(Closure))
#21 C:\Users\Francis\Roaming\Capstone\vendor\compiled.php(8944): App\Http\Middleware\VerifyCsrfToken->handle(Object(Illuminate\Http\Request), Object(Closure))
#22 C:\Users\Francis\Roaming\Capstone\vendor\compiled.php(12083): Illuminate\Pipeline\Pipeline->Illuminate\Pipeline\{closure}(Object(Illuminate\Http\Request))
#23 C:\Users\Francis\Roaming\Capstone\vendor\compiled.php(8944): Illuminate\View\Middleware\ShareErrorsFromSession->handle(Object(Illuminate\Http\Request), Object(Closure))
#24 C:\Users\Francis\Roaming\Capstone\vendor\compiled.php(10785): Illuminate\Pipeline\Pipeline->Illuminate\Pipeline\{closure}(Object(Illuminate\Http\Request))
#25 C:\Users\Francis\Roaming\Capstone\vendor\compiled.php(8944): Illuminate\Session\Middleware\StartSession->handle(Object(Illuminate\Http\Request), Object(Closure))
#26 C:\Users\Francis\Roaming\Capstone\vendor\compiled.php(11789): Illuminate\Pipeline\Pipeline->Illuminate\Pipeline\{closure}(Object(Illuminate\Http\Request))
#27 C:\Users\Francis\Roaming\Capstone\vendor\compiled.php(8944): Illuminate\Cookie\Middleware\AddQueuedCookiesToResponse->handle(Object(Illuminate\Http\Request), Object(Closure))
#28 C:\Users\Francis\Roaming\Capstone\vendor\compiled.php(11738): Illuminate\Pipeline\Pipeline->Illuminate\Pipeline\{closure}(Object(Illuminate\Http\Request))
#29 C:\Users\Francis\Roaming\Capstone\vendor\compiled.php(8944): Illuminate\Cookie\Middleware\EncryptCookies->handle(Object(Illuminate\Http\Request), Object(Closure))
#30 C:\Users\Francis\Roaming\Capstone\vendor\compiled.php(2478): Illuminate\Pipeline\Pipeline->Illuminate\Pipeline\{closure}(Object(Illuminate\Http\Request))
#31 C:\Users\Francis\Roaming\Capstone\vendor\compiled.php(8944): Illuminate\Foundation\Http\Middleware\CheckForMaintenanceMode->handle(Object(Illuminate\Http\Request), Object(Closure))
#32 [internal function]: Illuminate\Pipeline\Pipeline->Illuminate\Pipeline\{closure}(Object(Illuminate\Http\Request))
#33 C:\Users\Francis\Roaming\Capstone\vendor\compiled.php(8935): call_user_func(Object(Closure), Object(Illuminate\Http\Request))
#34 C:\Users\Francis\Roaming\Capstone\vendor\compiled.php(1891): Illuminate\Pipeline\Pipeline->then(Object(Closure))
#35 C:\Users\Francis\Roaming\Capstone\vendor\compiled.php(1880): Illuminate\Foundation\Http\Kernel->sendRequestThroughRouter(Object(Illuminate\Http\Request))
#36 C:\Users\Francis\Roaming\Capstone\public\index.php(53): Illuminate\Foundation\Http\Kernel->handle(Object(Illuminate\Http\Request))
#37 {main}  
[2017-04-17 16:56:30] local.ERROR: exception 'InvalidArgumentException' with message 'View [gallery] not found.' in C:\Users\Francis\Roaming\Capstone\vendor\compiled.php:12898
Stack trace:
#0 C:\Users\Francis\Roaming\Capstone\vendor\compiled.php(12871): Illuminate\View\FileViewFinder->findInPaths('gallery', Array)
#1 C:\Users\Francis\Roaming\Capstone\vendor\compiled.php(12996): Illuminate\View\FileViewFinder->find('gallery')
#2 C:\Users\Francis\Roaming\Capstone\vendor\laravel\framework\src\Illuminate\Foundation\helpers.php(565): Illuminate\View\Factory->make('gallery', Array, Array)
#3 C:\Users\Francis\Roaming\Capstone\app\Http\Controllers\GalleryController.php(17): view('gallery')
#4 [internal function]: App\Http\Controllers\GalleryController->index()
#5 C:\Users\Francis\Roaming\Capstone\vendor\compiled.php(8287): call_user_func_array(Array, Array)
#6 C:\Users\Francis\Roaming\Capstone\vendor\compiled.php(8354): Illuminate\Routing\Controller->callAction('index', Array)
#7 C:\Users\Francis\Roaming\Capstone\vendor\compiled.php(8333): Illuminate\Routing\ControllerDispatcher->call(Object(App\Http\Controllers\GalleryController), Object(Illuminate\Routing\Route), 'index')
#8 [internal function]: Illuminate\Routing\ControllerDispatcher->Illuminate\Routing\{closure}(Object(Illuminate\Http\Request))
#9 C:\Users\Francis\Roaming\Capstone\vendor\compiled.php(8952): call_user_func(Object(Closure), Object(Illuminate\Http\Request))
#10 [internal function]: Illuminate\Pipeline\Pipeline->Illuminate\Pipeline\{closure}(Object(Illuminate\Http\Request))
#11 C:\Users\Francis\Roaming\Capstone\vendor\compiled.php(8935): call_user_func(Object(Closure), Object(Illuminate\Http\Request))
#12 C:\Users\Francis\Roaming\Capstone\vendor\compiled.php(8334): Illuminate\Pipeline\Pipeline->then(Object(Closure))
#13 C:\Users\Francis\Roaming\Capstone\vendor\compiled.php(8320): Illuminate\Routing\ControllerDispatcher->callWithinStack(Object(App\Http\Controllers\GalleryController), Object(Illuminate\Routing\Route), Object(Illuminate\Http\Request), 'index')
#14 C:\Users\Francis\Roaming\Capstone\vendor\compiled.php(7317): Illuminate\Routing\ControllerDispatcher->dispatch(Object(Illuminate\Routing\Route), Object(Illuminate\Http\Request), 'App\\Http\\Contro...', 'index')
#15 C:\Users\Francis\Roaming\Capstone\vendor\compiled.php(7288): Illuminate\Routing\Route->runWithCustomDispatcher(Object(Illuminate\Http\Request))
#16 C:\Users\Francis\Roaming\Capstone\vendor\compiled.php(6954): Illuminate\Routing\Route->run(Object(Illuminate\Http\Request))
#17 [internal function]: Illuminate\Routing\Router->Illuminate\Routing\{closure}(Object(Illuminate\Http\Request))
#18 C:\Users\Francis\Roaming\Capstone\vendor\compiled.php(8952): call_user_func(Object(Closure), Object(Illuminate\Http\Request))
#19 [internal function]: Illuminate\Pipeline\Pipeline->Illuminate\Pipeline\{closure}(Object(Illuminate\Http\Request))
#20 C:\Users\Francis\Roaming\Capstone\vendor\compiled.php(8935): call_user_func(Object(Closure), Object(Illuminate\Http\Request))
#21 C:\Users\Francis\Roaming\Capstone\vendor\compiled.php(6955): Illuminate\Pipeline\Pipeline->then(Object(Closure))
#22 C:\Users\Francis\Roaming\Capstone\vendor\compiled.php(6944): Illuminate\Routing\Router->runRouteWithinStack(Object(Illuminate\Routing\Route), Object(Illuminate\Http\Request))
#23 C:\Users\Francis\Roaming\Capstone\vendor\compiled.php(6929): Illuminate\Routing\Router->dispatchToRoute(Object(Illuminate\Http\Request))
#24 C:\Users\Francis\Roaming\Capstone\vendor\compiled.php(1935): Illuminate\Routing\Router->dispatch(Object(Illuminate\Http\Request))
#25 [internal function]: Illuminate\Foundation\Http\Kernel->Illuminate\Foundation\Http\{closure}(Object(Illuminate\Http\Request))
#26 C:\Users\Francis\Roaming\Capstone\vendor\compiled.php(8952): call_user_func(Object(Closure), Object(Illuminate\Http\Request))
#27 C:\Users\Francis\Roaming\Capstone\vendor\compiled.php(2438): Illuminate\Pipeline\Pipeline->Illuminate\Pipeline\{closure}(Object(Illuminate\Http\Request))
#28 C:\Users\Francis\Roaming\Capstone\app\Http\Middleware\VerifyCsrfToken.php(17): Illuminate\Foundation\Http\Middleware\VerifyCsrfToken->handle(Object(Illuminate\Http\Request), Object(Closure))
#29 C:\Users\Francis\Roaming\Capstone\vendor\compiled.php(8944): App\Http\Middleware\VerifyCsrfToken->handle(Object(Illuminate\Http\Request), Object(Closure))
#30 C:\Users\Francis\Roaming\Capstone\vendor\compiled.php(12083): Illuminate\Pipeline\Pipeline->Illuminate\Pipeline\{closure}(Object(Illuminate\Http\Request))
#31 C:\Users\Francis\Roaming\Capstone\vendor\compiled.php(8944): Illuminate\View\Middleware\ShareErrorsFromSession->handle(Object(Illuminate\Http\Request), Object(Closure))
#32 C:\Users\Francis\Roaming\Capstone\vendor\compiled.php(10785): Illuminate\Pipeline\Pipeline->Illuminate\Pipeline\{closure}(Object(Illuminate\Http\Request))
#33 C:\Users\Francis\Roaming\Capstone\vendor\compiled.php(8944): Illuminate\Session\Middleware\StartSession->handle(Object(Illuminate\Http\Request), Object(Closure))
#34 C:\Users\Francis\Roaming\Capstone\vendor\compiled.php(11789): Illuminate\Pipeline\Pipeline->Illuminate\Pipeline\{closure}(Object(Illuminate\Http\Request))
#35 C:\Users\Francis\Roaming\Capstone\vendor\compiled.php(8944): Illuminate\Cookie\Middleware\AddQueuedCookiesToResponse->handle(Object(Illuminate\Http\Request), Object(Closure))
#36 C:\Users\Francis\Roaming\Capstone\vendor\compiled.php(11738): Illuminate\Pipeline\Pipeline->Illuminate\Pipeline\{closure}(Object(Illuminate\Http\Request))
#37 C:\Users\Francis\Roaming\Capstone\vendor\compiled.php(8944): Illuminate\Cookie\Middleware\EncryptCookies->handle(Object(Illuminate\Http\Request), Object(Closure))
#38 C:\Users\Francis\Roaming\Capstone\vendor\compiled.php(2478): Illuminate\Pipeline\Pipeline->Illuminate\Pipeline\{closure}(Object(Illuminate\Http\Request))
#39 C:\Users\Francis\Roaming\Capstone\vendor\compiled.php(8944): Illuminate\Foundation\Http\Middleware\CheckForMaintenanceMode->handle(Object(Illuminate\Http\Request), Object(Closure))
#40 [internal function]: Illuminate\Pipeline\Pipeline->Illuminate\Pipeline\{closure}(Object(Illuminate\Http\Request))
#41 C:\Users\Francis\Roaming\Capstone\vendor\compiled.php(8935): call_user_func(Object(Closure), Object(Illuminate\Http\Request))
#42 C:\Users\Francis\Roaming\Capstone\vendor\compiled.php(1891): Illuminate\Pipeline\Pipeline->then(Object(Closure))
#43 C:\Users\Francis\Roaming\Capstone\vendor\compiled.php(1880): Illuminate\Foundation\Http\Kernel->sendRequestThroughRouter(Object(Illuminate\Http\Request))
#44 C:\Users\Francis\Roaming\Capstone\public\index.php(53): Illuminate\Foundation\Http\Kernel->handle(Object(Illuminate\Http\Request))
#45 {main}  
[2017-04-17 16:56:43] local.ERROR: exception 'InvalidArgumentException' with message 'View [gallery] not found.' in C:\Users\Francis\Roaming\Capstone\vendor\compiled.php:12898
Stack trace:
#0 C:\Users\Francis\Roaming\Capstone\vendor\compiled.php(12871): Illuminate\View\FileViewFinder->findInPaths('gallery', Array)
#1 C:\Users\Francis\Roaming\Capstone\vendor\compiled.php(12996): Illuminate\View\FileViewFinder->find('gallery')
#2 C:\Users\Francis\Roaming\Capstone\vendor\laravel\framework\src\Illuminate\Foundation\helpers.php(565): Illuminate\View\Factory->make('gallery', Array, Array)
#3 C:\Users\Francis\Roaming\Capstone\app\Http\Controllers\GalleryController.php(17): view('gallery')
#4 [internal function]: App\Http\Controllers\GalleryController->index()
#5 C:\Users\Francis\Roaming\Capstone\vendor\compiled.php(8287): call_user_func_array(Array, Array)
#6 C:\Users\Francis\Roaming\Capstone\vendor\compiled.php(8354): Illuminate\Routing\Controller->callAction('index', Array)
#7 C:\Users\Francis\Roaming\Capstone\vendor\compiled.php(8333): Illuminate\Routing\ControllerDispatcher->call(Object(App\Http\Controllers\GalleryController), Object(Illuminate\Routing\Route), 'index')
#8 [internal function]: Illuminate\Routing\ControllerDispatcher->Illuminate\Routing\{closure}(Object(Illuminate\Http\Request))
#9 C:\Users\Francis\Roaming\Capstone\vendor\compiled.php(8952): call_user_func(Object(Closure), Object(Illuminate\Http\Request))
#10 [internal function]: Illuminate\Pipeline\Pipeline->Illuminate\Pipeline\{closure}(Object(Illuminate\Http\Request))
#11 C:\Users\Francis\Roaming\Capstone\vendor\compiled.php(8935): call_user_func(Object(Closure), Object(Illuminate\Http\Request))
#12 C:\Users\Francis\Roaming\Capstone\vendor\compiled.php(8334): Illuminate\Pipeline\Pipeline->then(Object(Closure))
#13 C:\Users\Francis\Roaming\Capstone\vendor\compiled.php(8320): Illuminate\Routing\ControllerDispatcher->callWithinStack(Object(App\Http\Controllers\GalleryController), Object(Illuminate\Routing\Route), Object(Illuminate\Http\Request), 'index')
#14 C:\Users\Francis\Roaming\Capstone\vendor\compiled.php(7317): Illuminate\Routing\ControllerDispatcher->dispatch(Object(Illuminate\Routing\Route), Object(Illuminate\Http\Request), 'App\\Http\\Contro...', 'index')
#15 C:\Users\Francis\Roaming\Capstone\vendor\compiled.php(7288): Illuminate\Routing\Route->runWithCustomDispatcher(Object(Illuminate\Http\Request))
#16 C:\Users\Francis\Roaming\Capstone\vendor\compiled.php(6954): Illuminate\Routing\Route->run(Object(Illuminate\Http\Request))
#17 [internal function]: Illuminate\Routing\Router->Illuminate\Routing\{closure}(Object(Illuminate\Http\Request))
#18 C:\Users\Francis\Roaming\Capstone\vendor\compiled.php(8952): call_user_func(Object(Closure), Object(Illuminate\Http\Request))
#19 [internal function]: Illuminate\Pipeline\Pipeline->Illuminate\Pipeline\{closure}(Object(Illuminate\Http\Request))
#20 C:\Users\Francis\Roaming\Capstone\vendor\compiled.php(8935): call_user_func(Object(Closure), Object(Illuminate\Http\Request))
#21 C:\Users\Francis\Roaming\Capstone\vendor\compiled.php(6955): Illuminate\Pipeline\Pipeline->then(Object(Closure))
#22 C:\Users\Francis\Roaming\Capstone\vendor\compiled.php(6944): Illuminate\Routing\Router->runRouteWithinStack(Object(Illuminate\Routing\Route), Object(Illuminate\Http\Request))
#23 C:\Users\Francis\Roaming\Capstone\vendor\compiled.php(6929): Illuminate\Routing\Router->dispatchToRoute(Object(Illuminate\Http\Request))
#24 C:\Users\Francis\Roaming\Capstone\vendor\compiled.php(1935): Illuminate\Routing\Router->dispatch(Object(Illuminate\Http\Request))
#25 [internal function]: Illuminate\Foundation\Http\Kernel->Illuminate\Foundation\Http\{closure}(Object(Illuminate\Http\Request))
#26 C:\Users\Francis\Roaming\Capstone\vendor\compiled.php(8952): call_user_func(Object(Closure), Object(Illuminate\Http\Request))
#27 C:\Users\Francis\Roaming\Capstone\vendor\compiled.php(2438): Illuminate\Pipeline\Pipeline->Illuminate\Pipeline\{closure}(Object(Illuminate\Http\Request))
#28 C:\Users\Francis\Roaming\Capstone\app\Http\Middleware\VerifyCsrfToken.php(17): Illuminate\Foundation\Http\Middleware\VerifyCsrfToken->handle(Object(Illuminate\Http\Request), Object(Closure))
#29 C:\Users\Francis\Roaming\Capstone\vendor\compiled.php(8944): App\Http\Middleware\VerifyCsrfToken->handle(Object(Illuminate\Http\Request), Object(Closure))
#30 C:\Users\Francis\Roaming\Capstone\vendor\compiled.php(12083): Illuminate\Pipeline\Pipeline->Illuminate\Pipeline\{closure}(Object(Illuminate\Http\Request))
#31 C:\Users\Francis\Roaming\Capstone\vendor\compiled.php(8944): Illuminate\View\Middleware\ShareErrorsFromSession->handle(Object(Illuminate\Http\Request), Object(Closure))
#32 C:\Users\Francis\Roaming\Capstone\vendor\compiled.php(10785): Illuminate\Pipeline\Pipeline->Illuminate\Pipeline\{closure}(Object(Illuminate\Http\Request))
#33 C:\Users\Francis\Roaming\Capstone\vendor\compiled.php(8944): Illuminate\Session\Middleware\StartSession->handle(Object(Illuminate\Http\Request), Object(Closure))
#34 C:\Users\Francis\Roaming\Capstone\vendor\compiled.php(11789): Illuminate\Pipeline\Pipeline->Illuminate\Pipeline\{closure}(Object(Illuminate\Http\Request))
#35 C:\Users\Francis\Roaming\Capstone\vendor\compiled.php(8944): Illuminate\Cookie\Middleware\AddQueuedCookiesToResponse->handle(Object(Illuminate\Http\Request), Object(Closure))
#36 C:\Users\Francis\Roaming\Capstone\vendor\compiled.php(11738): Illuminate\Pipeline\Pipeline->Illuminate\Pipeline\{closure}(Object(Illuminate\Http\Request))
#37 C:\Users\Francis\Roaming\Capstone\vendor\compiled.php(8944): Illuminate\Cookie\Middleware\EncryptCookies->handle(Object(Illuminate\Http\Request), Object(Closure))
#38 C:\Users\Francis\Roaming\Capstone\vendor\compiled.php(2478): Illuminate\Pipeline\Pipeline->Illuminate\Pipeline\{closure}(Object(Illuminate\Http\Request))
#39 C:\Users\Francis\Roaming\Capstone\vendor\compiled.php(8944): Illuminate\Foundation\Http\Middleware\CheckForMaintenanceMode->handle(Object(Illuminate\Http\Request), Object(Closure))
#40 [internal function]: Illuminate\Pipeline\Pipeline->Illuminate\Pipeline\{closure}(Object(Illuminate\Http\Request))
#41 C:\Users\Francis\Roaming\Capstone\vendor\compiled.php(8935): call_user_func(Object(Closure), Object(Illuminate\Http\Request))
#42 C:\Users\Francis\Roaming\Capstone\vendor\compiled.php(1891): Illuminate\Pipeline\Pipeline->then(Object(Closure))
#43 C:\Users\Francis\Roaming\Capstone\vendor\compiled.php(1880): Illuminate\Foundation\Http\Kernel->sendRequestThroughRouter(Object(Illuminate\Http\Request))
#44 C:\Users\Francis\Roaming\Capstone\public\index.php(53): Illuminate\Foundation\Http\Kernel->handle(Object(Illuminate\Http\Request))
#45 {main}  
